<?xml version="1.0" encoding="UTF-8"?>
<!-- Generated by org.testng.reporters.JUnitReportReporter -->
<testsuite skipped="0" hostname="DESKTOP-0COA28K" name="com.acti.base.DriverScript" tests="1" failures="0" timestamp="02 Aug 2020 22:55:48 GMT" time="8.541" errors="0">
  <testcase name="initBrowser" time="8.541" classname="com.acti.base.DriverScript"/>
</testsuite> <!-- com.acti.base.DriverScript -->
